0 info it worked if it ends with ok
1 verbose cli [ 'C:\\Program Files\\Programas Universidad\\NodeJs\\node.exe',
1 verbose cli   'C:\\Program Files\\Programas Universidad\\NodeJs\\node_modules\\npm\\bin\\npm-cli.js',
1 verbose cli   'install',
1 verbose cli   'meteor',
1 verbose cli   '--save' ]
2 info using npm@3.10.10
3 info using node@v6.10.0
4 silly loadCurrentTree Starting
5 silly install loadCurrentTree
6 silly install readLocalPackageData
7 silly fetchPackageMetaData meteor
8 silly fetchNamedPackageData meteor
9 silly mapToRegistry name meteor
10 silly mapToRegistry using default registry
11 silly mapToRegistry registry https://registry.npmjs.org/
12 silly mapToRegistry data Result {
12 silly mapToRegistry   raw: 'meteor',
12 silly mapToRegistry   scope: null,
12 silly mapToRegistry   escapedName: 'meteor',
12 silly mapToRegistry   name: 'meteor',
12 silly mapToRegistry   rawSpec: '',
12 silly mapToRegistry   spec: 'latest',
12 silly mapToRegistry   type: 'tag' }
13 silly mapToRegistry uri https://registry.npmjs.org/meteor
14 verbose request uri https://registry.npmjs.org/meteor
15 verbose request no auth needed
16 info attempt registry request try #1 at 21:29:43
17 verbose request id 771604494acca504
18 verbose etag W/"583bda88-27a3"
19 verbose lastModified Mon, 28 Nov 2016 07:19:36 GMT
20 http request GET https://registry.npmjs.org/meteor
21 http 304 https://registry.npmjs.org/meteor
22 verbose headers { date: 'Fri, 31 Mar 2017 02:30:14 GMT',
22 verbose headers   via: '1.1 varnish',
22 verbose headers   'cache-control': 'max-age=300',
22 verbose headers   etag: 'W/"583bda88-27a3"',
22 verbose headers   age: '0',
22 verbose headers   connection: 'keep-alive',
22 verbose headers   'x-served-by': 'cache-iad2137-IAD',
22 verbose headers   'x-cache': 'MISS',
22 verbose headers   'x-cache-hits': '0',
22 verbose headers   'x-timer': 'S1490927414.714476,VS0,VE1',
22 verbose headers   vary: 'Accept-Encoding' }
23 silly get cb [ 304,
23 silly get   { date: 'Fri, 31 Mar 2017 02:30:14 GMT',
23 silly get     via: '1.1 varnish',
23 silly get     'cache-control': 'max-age=300',
23 silly get     etag: 'W/"583bda88-27a3"',
23 silly get     age: '0',
23 silly get     connection: 'keep-alive',
23 silly get     'x-served-by': 'cache-iad2137-IAD',
23 silly get     'x-cache': 'MISS',
23 silly get     'x-cache-hits': '0',
23 silly get     'x-timer': 'S1490927414.714476,VS0,VE1',
23 silly get     vary: 'Accept-Encoding' } ]
24 verbose etag https://registry.npmjs.org/meteor from cache
25 verbose get saving meteor to C:\Users\asus\AppData\Roaming\npm-cache\registry.npmjs.org\meteor\.cache.json
26 verbose correctMkdir C:\Users\asus\AppData\Roaming\npm-cache correctMkdir not in flight; initializing
27 silly install normalizeTree
28 silly loadCurrentTree Finishing
29 silly loadIdealTree Starting
30 silly install loadIdealTree
31 silly cloneCurrentTree Starting
32 silly install cloneCurrentTreeToIdealTree
33 silly cloneCurrentTree Finishing
34 silly loadShrinkwrap Starting
35 silly install loadShrinkwrap
36 silly loadShrinkwrap Finishing
37 silly loadAllDepsIntoIdealTree Starting
38 silly install loadAllDepsIntoIdealTree
39 silly resolveWithNewModule meteor@0.5.2-1 checking installable status
40 silly cache add args [ 'meteor', null ]
41 verbose cache add spec meteor
42 silly cache add parsed spec Result {
42 silly cache add   raw: 'meteor',
42 silly cache add   scope: null,
42 silly cache add   escapedName: 'meteor',
42 silly cache add   name: 'meteor',
42 silly cache add   rawSpec: '',
42 silly cache add   spec: 'latest',
42 silly cache add   type: 'tag' }
43 silly addNamed meteor@latest
44 verbose addNamed "latest" is being treated as a dist-tag for meteor
45 info addNameTag [ 'meteor', 'latest' ]
46 silly mapToRegistry name meteor
47 silly mapToRegistry using default registry
48 silly mapToRegistry registry https://registry.npmjs.org/
49 silly mapToRegistry data Result {
49 silly mapToRegistry   raw: 'meteor',
49 silly mapToRegistry   scope: null,
49 silly mapToRegistry   escapedName: 'meteor',
49 silly mapToRegistry   name: 'meteor',
49 silly mapToRegistry   rawSpec: '',
49 silly mapToRegistry   spec: 'latest',
49 silly mapToRegistry   type: 'tag' }
50 silly mapToRegistry uri https://registry.npmjs.org/meteor
51 verbose addNameTag registry:https://registry.npmjs.org/meteor not in flight; fetching
52 verbose get https://registry.npmjs.org/meteor not expired, no request
53 silly addNameTag next cb for meteor with tag latest
54 silly addNamed meteor@0.5.2-1
55 verbose addNamed "0.5.2-1" is a plain semver version for meteor
56 silly cache afterAdd meteor@0.5.2-1
57 verbose afterAdd C:\Users\asus\AppData\Roaming\npm-cache\meteor\0.5.2-1\package\package.json not in flight; writing
58 verbose correctMkdir C:\Users\asus\AppData\Roaming\npm-cache correctMkdir not in flight; initializing
59 verbose afterAdd C:\Users\asus\AppData\Roaming\npm-cache\meteor\0.5.2-1\package\package.json written
60 silly fetchNamedPackageData progress
61 silly mapToRegistry name progress
62 silly mapToRegistry using default registry
63 silly mapToRegistry registry https://registry.npmjs.org/
64 silly mapToRegistry data Result {
64 silly mapToRegistry   raw: 'progress',
64 silly mapToRegistry   scope: null,
64 silly mapToRegistry   escapedName: 'progress',
64 silly mapToRegistry   name: 'progress',
64 silly mapToRegistry   rawSpec: '',
64 silly mapToRegistry   spec: 'latest',
64 silly mapToRegistry   type: 'tag' }
65 silly mapToRegistry uri https://registry.npmjs.org/progress
66 silly fetchNamedPackageData fibers
67 silly mapToRegistry name fibers
68 silly mapToRegistry using default registry
69 silly mapToRegistry registry https://registry.npmjs.org/
70 silly mapToRegistry data Result {
70 silly mapToRegistry   raw: 'fibers',
70 silly mapToRegistry   scope: null,
70 silly mapToRegistry   escapedName: 'fibers',
70 silly mapToRegistry   name: 'fibers',
70 silly mapToRegistry   rawSpec: '',
70 silly mapToRegistry   spec: 'latest',
70 silly mapToRegistry   type: 'tag' }
71 silly mapToRegistry uri https://registry.npmjs.org/fibers
72 verbose request uri https://registry.npmjs.org/progress
73 verbose request no auth needed
74 info attempt registry request try #1 at 21:29:45
75 verbose etag W/"58d0e7b7-44c0"
76 verbose lastModified Tue, 21 Mar 2017 08:43:35 GMT
77 http request GET https://registry.npmjs.org/progress
78 verbose request uri https://registry.npmjs.org/fibers
79 verbose request no auth needed
80 info attempt registry request try #1 at 21:29:45
81 verbose etag W/"58a62b74-fef6"
82 verbose lastModified Thu, 16 Feb 2017 22:45:08 GMT
83 http request GET https://registry.npmjs.org/fibers
84 http 304 https://registry.npmjs.org/progress
85 verbose headers { date: 'Fri, 31 Mar 2017 02:30:15 GMT',
85 verbose headers   via: '1.1 varnish',
85 verbose headers   'cache-control': 'max-age=300',
85 verbose headers   etag: 'W/"58d0e7b7-44c0"',
85 verbose headers   age: '78',
85 verbose headers   connection: 'keep-alive',
85 verbose headers   'x-served-by': 'cache-iad2137-IAD',
85 verbose headers   'x-cache': 'HIT',
85 verbose headers   'x-cache-hits': '2',
85 verbose headers   'x-timer': 'S1490927415.669378,VS0,VE0',
85 verbose headers   vary: 'Accept-Encoding' }
86 silly get cb [ 304,
86 silly get   { date: 'Fri, 31 Mar 2017 02:30:15 GMT',
86 silly get     via: '1.1 varnish',
86 silly get     'cache-control': 'max-age=300',
86 silly get     etag: 'W/"58d0e7b7-44c0"',
86 silly get     age: '78',
86 silly get     connection: 'keep-alive',
86 silly get     'x-served-by': 'cache-iad2137-IAD',
86 silly get     'x-cache': 'HIT',
86 silly get     'x-cache-hits': '2',
86 silly get     'x-timer': 'S1490927415.669378,VS0,VE0',
86 silly get     vary: 'Accept-Encoding' } ]
87 verbose etag https://registry.npmjs.org/progress from cache
88 verbose get saving progress to C:\Users\asus\AppData\Roaming\npm-cache\registry.npmjs.org\progress\.cache.json
89 verbose correctMkdir C:\Users\asus\AppData\Roaming\npm-cache correctMkdir not in flight; initializing
90 silly resolveWithNewModule progress@0.0.5 checking installable status
91 silly cache add args [ 'progress@0.0.5', null ]
92 verbose cache add spec progress@0.0.5
93 silly cache add parsed spec Result {
93 silly cache add   raw: 'progress@0.0.5',
93 silly cache add   scope: null,
93 silly cache add   escapedName: 'progress',
93 silly cache add   name: 'progress',
93 silly cache add   rawSpec: '0.0.5',
93 silly cache add   spec: '0.0.5',
93 silly cache add   type: 'version' }
94 silly addNamed progress@0.0.5
95 verbose addNamed "0.0.5" is a plain semver version for progress
96 silly mapToRegistry name progress
97 silly mapToRegistry using default registry
98 silly mapToRegistry registry https://registry.npmjs.org/
99 silly mapToRegistry data Result {
99 silly mapToRegistry   raw: 'progress',
99 silly mapToRegistry   scope: null,
99 silly mapToRegistry   escapedName: 'progress',
99 silly mapToRegistry   name: 'progress',
99 silly mapToRegistry   rawSpec: '',
99 silly mapToRegistry   spec: 'latest',
99 silly mapToRegistry   type: 'tag' }
100 silly mapToRegistry uri https://registry.npmjs.org/progress
101 verbose addNameVersion registry:https://registry.npmjs.org/progress not in flight; fetching
102 verbose get https://registry.npmjs.org/progress not expired, no request
103 silly cache afterAdd progress@0.0.5
104 verbose afterAdd C:\Users\asus\AppData\Roaming\npm-cache\progress\0.0.5\package\package.json not in flight; writing
105 verbose correctMkdir C:\Users\asus\AppData\Roaming\npm-cache correctMkdir not in flight; initializing
106 verbose afterAdd C:\Users\asus\AppData\Roaming\npm-cache\progress\0.0.5\package\package.json written
107 http 304 https://registry.npmjs.org/fibers
108 verbose headers { date: 'Fri, 31 Mar 2017 02:30:15 GMT',
108 verbose headers   via: '1.1 varnish',
108 verbose headers   'cache-control': 'max-age=300',
108 verbose headers   etag: 'W/"58a62b74-fef6"',
108 verbose headers   age: '263',
108 verbose headers   connection: 'keep-alive',
108 verbose headers   'x-served-by': 'cache-iad2623-IAD',
108 verbose headers   'x-cache': 'HIT',
108 verbose headers   'x-cache-hits': '1',
108 verbose headers   'x-timer': 'S1490927415.852340,VS0,VE0',
108 verbose headers   vary: 'Accept-Encoding' }
109 silly get cb [ 304,
109 silly get   { date: 'Fri, 31 Mar 2017 02:30:15 GMT',
109 silly get     via: '1.1 varnish',
109 silly get     'cache-control': 'max-age=300',
109 silly get     etag: 'W/"58a62b74-fef6"',
109 silly get     age: '263',
109 silly get     connection: 'keep-alive',
109 silly get     'x-served-by': 'cache-iad2623-IAD',
109 silly get     'x-cache': 'HIT',
109 silly get     'x-cache-hits': '1',
109 silly get     'x-timer': 'S1490927415.852340,VS0,VE0',
109 silly get     vary: 'Accept-Encoding' } ]
110 verbose etag https://registry.npmjs.org/fibers from cache
111 verbose get saving fibers to C:\Users\asus\AppData\Roaming\npm-cache\registry.npmjs.org\fibers\.cache.json
112 verbose correctMkdir C:\Users\asus\AppData\Roaming\npm-cache correctMkdir not in flight; initializing
113 silly resolveWithNewModule fibers@0.6.9 checking installable status
114 silly cache add args [ 'fibers@0.6.9', null ]
115 verbose cache add spec fibers@0.6.9
116 silly cache add parsed spec Result {
116 silly cache add   raw: 'fibers@0.6.9',
116 silly cache add   scope: null,
116 silly cache add   escapedName: 'fibers',
116 silly cache add   name: 'fibers',
116 silly cache add   rawSpec: '0.6.9',
116 silly cache add   spec: '0.6.9',
116 silly cache add   type: 'version' }
117 silly addNamed fibers@0.6.9
118 verbose addNamed "0.6.9" is a plain semver version for fibers
119 silly mapToRegistry name fibers
120 silly mapToRegistry using default registry
121 silly mapToRegistry registry https://registry.npmjs.org/
122 silly mapToRegistry data Result {
122 silly mapToRegistry   raw: 'fibers',
122 silly mapToRegistry   scope: null,
122 silly mapToRegistry   escapedName: 'fibers',
122 silly mapToRegistry   name: 'fibers',
122 silly mapToRegistry   rawSpec: '',
122 silly mapToRegistry   spec: 'latest',
122 silly mapToRegistry   type: 'tag' }
123 silly mapToRegistry uri https://registry.npmjs.org/fibers
124 verbose addNameVersion registry:https://registry.npmjs.org/fibers not in flight; fetching
125 verbose get https://registry.npmjs.org/fibers not expired, no request
126 silly cache afterAdd fibers@0.6.9
127 verbose afterAdd C:\Users\asus\AppData\Roaming\npm-cache\fibers\0.6.9\package\package.json not in flight; writing
128 verbose correctMkdir C:\Users\asus\AppData\Roaming\npm-cache correctMkdir not in flight; initializing
129 verbose afterAdd C:\Users\asus\AppData\Roaming\npm-cache\fibers\0.6.9\package\package.json written
130 silly loadAllDepsIntoIdealTree Finishing
131 silly loadIdealTree Finishing
132 silly currentTree kipcount@
132 silly currentTree +-- acorn-jsx@3.0.1
132 silly currentTree | `-- acorn@3.3.0
132 silly currentTree +-- acorn@4.0.4
132 silly currentTree +-- ajv-keywords@1.5.1
132 silly currentTree +-- ajv@4.11.5
132 silly currentTree +-- ansi-escapes@1.4.0
132 silly currentTree +-- ansi-regex@2.1.1
132 silly currentTree +-- ansi-styles@2.2.1
132 silly currentTree +-- argparse@1.0.9
132 silly currentTree +-- aria-query@0.3.0
132 silly currentTree +-- array-union@1.0.2
132 silly currentTree +-- array-uniq@1.0.3
132 silly currentTree +-- array.prototype.find@2.0.4
132 silly currentTree +-- arrify@1.0.1
132 silly currentTree +-- asap@2.0.5
132 silly currentTree +-- ast-types-flow@0.0.7
132 silly currentTree +-- babel-code-frame@6.22.0
132 silly currentTree +-- babel-core@6.24.0
132 silly currentTree | +-- babel-register@6.24.0
132 silly currentTree | `-- home-or-tmp@2.0.0
132 silly currentTree +-- babel-eslint@7.2.1
132 silly currentTree +-- babel-generator@6.24.0
132 silly currentTree +-- babel-helpers@6.23.0
132 silly currentTree +-- babel-messages@6.23.0
132 silly currentTree +-- babel-register@6.16.3
132 silly currentTree | `-- path-exists@1.0.0
132 silly currentTree +-- babel-runtime@6.23.0
132 silly currentTree +-- babel-template@6.23.0
132 silly currentTree +-- babel-traverse@6.23.1
132 silly currentTree +-- babel-types@6.23.0
132 silly currentTree +-- babylon@6.16.1
132 silly currentTree +-- balanced-match@0.4.2
132 silly currentTree +-- bowser@1.6.0
132 silly currentTree +-- brace-expansion@1.1.6
132 silly currentTree +-- bson@0.1.5
132 silly currentTree +-- buffer-shims@1.0.0
132 silly currentTree +-- builtin-modules@1.1.1
132 silly currentTree +-- caller-path@0.1.0
132 silly currentTree +-- callsites@0.2.0
132 silly currentTree +-- chalk@1.1.3
132 silly currentTree +-- change-emitter@0.1.3
132 silly currentTree +-- circular-json@0.3.1
132 silly currentTree +-- classnames@2.2.5
132 silly currentTree +-- clean-css@0.8.2
132 silly currentTree +-- cli-cursor@1.0.2
132 silly currentTree +-- cli-width@2.1.0
132 silly currentTree +-- co@4.6.0
132 silly currentTree +-- code-point-at@1.1.0
132 silly currentTree +-- coffee-script@1.4.0
132 silly currentTree +-- colors@0.6.2
132 silly currentTree +-- concat-map@0.0.1
132 silly currentTree +-- concat-stream@1.6.0
132 silly currentTree +-- connect@1.9.2
132 silly currentTree +-- contains-path@0.1.0
132 silly currentTree +-- convert-source-map@1.5.0
132 silly currentTree +-- core-js@2.4.1
132 silly currentTree +-- core-util-is@1.0.2
132 silly currentTree +-- cssom@0.2.5
132 silly currentTree +-- d@1.0.0
132 silly currentTree +-- damerau-levenshtein@1.0.4
132 silly currentTree +-- debug@2.6.3
132 silly currentTree +-- deep-is@0.1.3
132 silly currentTree +-- define-properties@1.1.2
132 silly currentTree +-- del@2.2.2
132 silly currentTree +-- detect-indent@4.0.0
132 silly currentTree +-- doctrine@2.0.0
132 silly currentTree +-- dom-helpers@3.2.1
132 silly currentTree +-- emoji-regex@6.4.1
132 silly currentTree +-- encoding@0.1.12
132 silly currentTree +-- es-abstract@1.7.0
132 silly currentTree +-- es-to-primitive@1.1.1
132 silly currentTree +-- es5-ext@0.10.15
132 silly currentTree +-- es6-iterator@2.0.1
132 silly currentTree +-- es6-map@0.1.5
132 silly currentTree +-- es6-set@0.1.5
132 silly currentTree +-- es6-symbol@3.1.1
132 silly currentTree +-- es6-weak-map@2.0.2
132 silly currentTree +-- escape-string-regexp@1.0.5
132 silly currentTree +-- escope@3.6.0
132 silly currentTree +-- eslint-config-airbnb-base@11.1.2
132 silly currentTree +-- eslint-config-airbnb@14.1.0
132 silly currentTree +-- eslint-import-resolver-meteor@0.3.4
132 silly currentTree +-- eslint-import-resolver-node@0.2.3
132 silly currentTree +-- eslint-module-utils@2.0.0
132 silly currentTree | +-- debug@2.2.0
132 silly currentTree | `-- ms@0.7.1
132 silly currentTree +-- eslint-plugin-import@2.2.0
132 silly currentTree | `-- doctrine@1.5.0
132 silly currentTree +-- eslint-plugin-jsx-a11y@4.0.0
132 silly currentTree +-- eslint-plugin-meteor@4.0.1
132 silly currentTree | +-- babel-runtime@6.11.6
132 silly currentTree | +-- invariant@2.2.1
132 silly currentTree | +-- path-exists@3.0.0
132 silly currentTree | `-- regenerator-runtime@0.9.6
132 silly currentTree +-- eslint-plugin-react@6.10.3
132 silly currentTree | `-- doctrine@1.5.0
132 silly currentTree +-- eslint@3.18.0
132 silly currentTree +-- espree@3.4.0
132 silly currentTree +-- esprima@3.1.3
132 silly currentTree +-- esquery@1.0.0
132 silly currentTree +-- esrecurse@4.1.0
132 silly currentTree | `-- estraverse@4.1.1
132 silly currentTree +-- estraverse@4.2.0
132 silly currentTree +-- esutils@2.0.2
132 silly currentTree +-- event-emitter@0.3.5
132 silly currentTree +-- exit-hook@1.1.1
132 silly currentTree +-- fast-levenshtein@2.0.6
132 silly currentTree +-- faye-websocket@0.4.0
132 silly currentTree +-- fbjs@0.8.11
132 silly currentTree | `-- core-js@1.2.7
132 silly currentTree +-- figures@1.7.0
132 silly currentTree +-- file-entry-cache@2.0.0
132 silly currentTree +-- find-up@1.1.2
132 silly currentTree +-- flat-cache@1.2.2
132 silly currentTree +-- foreach@2.0.5
132 silly currentTree +-- formidable@1.0.17
132 silly currentTree +-- fs.realpath@1.0.0
132 silly currentTree +-- function-bind@1.1.0
132 silly currentTree +-- generate-function@2.0.0
132 silly currentTree +-- generate-object-property@1.2.0
132 silly currentTree +-- glob@7.1.1
132 silly currentTree +-- globals@9.17.0
132 silly currentTree +-- globby@5.0.0
132 silly currentTree +-- graceful-fs@4.1.11
132 silly currentTree +-- gzippo@0.1.7
132 silly currentTree +-- handlebars@1.0.7
132 silly currentTree | `-- uglify-js@1.2.6
132 silly currentTree +-- has-ansi@2.0.0
132 silly currentTree +-- has@1.0.1
132 silly currentTree +-- hoist-non-react-statics@1.2.0
132 silly currentTree +-- home-or-tmp@1.0.0
132 silly currentTree | `-- user-home@1.1.1
132 silly currentTree +-- http-proxy@0.8.5
132 silly currentTree +-- hyphenate-style-name@1.0.2
132 silly currentTree +-- iconv-lite@0.4.15
132 silly currentTree +-- ignore@3.2.6
132 silly currentTree +-- imurmurhash@0.1.4
132 silly currentTree +-- inflight@1.0.6
132 silly currentTree +-- inherits@2.0.3
132 silly currentTree +-- inline-style-prefixer@2.0.5
132 silly currentTree +-- inquirer@0.12.0
132 silly currentTree +-- interpret@1.0.2
132 silly currentTree +-- invariant@2.2.2
132 silly currentTree +-- is-callable@1.1.3
132 silly currentTree +-- is-date-object@1.0.1
132 silly currentTree +-- is-finite@1.0.2
132 silly currentTree +-- is-fullwidth-code-point@1.0.0
132 silly currentTree +-- is-my-json-valid@2.16.0
132 silly currentTree +-- is-path-cwd@1.0.0
132 silly currentTree +-- is-path-in-cwd@1.0.0
132 silly currentTree +-- is-path-inside@1.0.0
132 silly currentTree +-- is-property@1.0.2
132 silly currentTree +-- is-regex@1.0.4
132 silly currentTree +-- is-resolvable@1.0.0
132 silly currentTree +-- is-stream@1.1.0
132 silly currentTree +-- is-symbol@1.0.1
132 silly currentTree +-- isarray@1.0.0
132 silly currentTree +-- isomorphic-fetch@2.2.1
132 silly currentTree +-- js-tokens@3.0.1
132 silly currentTree +-- js-yaml@3.8.2
132 silly currentTree +-- jsesc@1.3.0
132 silly currentTree +-- json-stable-stringify@1.0.1
132 silly currentTree +-- json5@0.5.1
132 silly currentTree +-- jsonify@0.0.0
132 silly currentTree +-- jsonpointer@4.0.1
132 silly currentTree +-- jsx-ast-utils@1.4.0
132 silly currentTree +-- keycode@2.1.8
132 silly currentTree +-- keypress@0.1.0
132 silly currentTree +-- less@1.3.1
132 silly currentTree +-- levn@0.3.0
132 silly currentTree +-- lodash.cond@4.5.2
132 silly currentTree +-- lodash.find@4.6.0
132 silly currentTree +-- lodash.memoize@4.1.2
132 silly currentTree +-- lodash.merge@4.6.0
132 silly currentTree +-- lodash.throttle@4.1.1
132 silly currentTree +-- lodash@4.17.4
132 silly currentTree +-- loose-envify@1.3.1
132 silly currentTree +-- mailcomposer@0.1.15
132 silly currentTree +-- material-ui@0.17.1
132 silly currentTree +-- meteor-node-stubs@0.2.6
132 silly currentTree | +-- asn1.js@4.9.0
132 silly currentTree | +-- assert@1.4.1
132 silly currentTree | +-- base64-js@1.2.0
132 silly currentTree | +-- Base64@0.2.1
132 silly currentTree | +-- bn.js@4.11.6
132 silly currentTree | +-- brorand@1.0.6
132 silly currentTree | +-- browserify-aes@1.0.6
132 silly currentTree | +-- browserify-cipher@1.0.0
132 silly currentTree | +-- browserify-des@1.0.0
132 silly currentTree | +-- browserify-rsa@4.0.1
132 silly currentTree | +-- browserify-sign@4.0.0
132 silly currentTree | +-- browserify-zlib@0.1.4
132 silly currentTree | +-- buffer-shims@1.0.0
132 silly currentTree | +-- buffer-xor@1.0.3
132 silly currentTree | +-- buffer@4.9.1
132 silly currentTree | +-- cipher-base@1.0.3
132 silly currentTree | +-- console-browserify@1.1.0
132 silly currentTree | +-- constants-browserify@1.0.0
132 silly currentTree | +-- core-util-is@1.0.2
132 silly currentTree | +-- create-ecdh@4.0.0
132 silly currentTree | +-- create-hash@1.1.2
132 silly currentTree | +-- create-hmac@1.1.4
132 silly currentTree | +-- crypto-browserify@3.11.0
132 silly currentTree | +-- date-now@0.1.4
132 silly currentTree | +-- des.js@1.0.0
132 silly currentTree | +-- diffie-hellman@5.0.2
132 silly currentTree | +-- domain-browser@1.1.7
132 silly currentTree | +-- elliptic@6.3.2
132 silly currentTree | +-- events@1.1.1
132 silly currentTree | +-- evp_bytestokey@1.0.0
132 silly currentTree | +-- hash.js@1.0.3
132 silly currentTree | +-- http-browserify@1.7.0
132 silly currentTree | +-- https-browserify@0.0.1
132 silly currentTree | +-- ieee754@1.1.8
132 silly currentTree | +-- indexof@0.0.1
132 silly currentTree | +-- inherits@2.0.1
132 silly currentTree | +-- isarray@1.0.0
132 silly currentTree | +-- miller-rabin@4.0.0
132 silly currentTree | +-- minimalistic-assert@1.0.0
132 silly currentTree | +-- os-browserify@0.2.1
132 silly currentTree | +-- pako@0.2.9
132 silly currentTree | +-- parse-asn1@5.0.0
132 silly currentTree | +-- path-browserify@0.0.0
132 silly currentTree | +-- pbkdf2@3.0.9
132 silly currentTree | +-- process-nextick-args@1.0.7
132 silly currentTree | +-- process@0.11.9
132 silly currentTree | +-- public-encrypt@4.0.0
132 silly currentTree | +-- punycode@1.4.1
132 silly currentTree | +-- querystring-es3@0.2.1
132 silly currentTree | +-- querystring@0.2.0
132 silly currentTree | +-- randombytes@2.0.3
132 silly currentTree | +-- readable-stream@2.2.1
132 silly currentTree | +-- ripemd160@1.0.1
132 silly currentTree | +-- sha.js@2.4.8
132 silly currentTree | +-- stream-browserify@2.0.1
132 silly currentTree | +-- string_decoder@0.10.31
132 silly currentTree | +-- timers-browserify@1.4.2
132 silly currentTree | +-- tty-browserify@0.0.0
132 silly currentTree | +-- url@0.11.0
132 silly currentTree | | `-- punycode@1.3.2
132 silly currentTree | +-- util-deprecate@1.0.2
132 silly currentTree | +-- util@0.10.3
132 silly currentTree | `-- vm-browserify@0.0.4
132 silly currentTree +-- mime@1.2.7
132 silly currentTree +-- mimelib-noiconv@0.1.9
132 silly currentTree +-- minimatch@3.0.3
132 silly currentTree +-- minimist@0.0.8
132 silly currentTree +-- mkdirp@0.5.1
132 silly currentTree +-- mongodb@1.1.11
132 silly currentTree +-- ms@0.7.2
132 silly currentTree +-- mute-stream@0.0.5
132 silly currentTree +-- natural-compare@1.4.0
132 silly currentTree +-- nib@0.8.2
132 silly currentTree +-- node-fetch@1.6.3
132 silly currentTree +-- node-uuid@1.3.3
132 silly currentTree +-- number-is-nan@1.0.1
132 silly currentTree +-- object-assign@4.1.1
132 silly currentTree +-- object-keys@1.0.11
132 silly currentTree +-- object.assign@4.0.4
132 silly currentTree +-- once@1.4.0
132 silly currentTree +-- onetime@1.1.0
132 silly currentTree +-- optimist@0.3.5
132 silly currentTree | `-- wordwrap@0.0.3
132 silly currentTree +-- optionator@0.8.2
132 silly currentTree +-- os-homedir@1.0.2
132 silly currentTree +-- os-tmpdir@1.0.2
132 silly currentTree +-- path-exists@2.1.0
132 silly currentTree +-- path-is-absolute@1.0.1
132 silly currentTree +-- path-is-inside@1.0.2
132 silly currentTree +-- path-parse@1.0.5
132 silly currentTree +-- pify@2.3.0
132 silly currentTree +-- pinkie-promise@2.0.1
132 silly currentTree +-- pinkie@2.0.4
132 silly currentTree +-- pkg-dir@1.0.0
132 silly currentTree +-- pkg-up@1.0.0
132 silly currentTree +-- pkginfo@0.2.3
132 silly currentTree +-- pluralize@1.2.1
132 silly currentTree +-- prelude-ls@1.1.2
132 silly currentTree +-- private@0.1.7
132 silly currentTree +-- process-nextick-args@1.0.7
132 silly currentTree +-- progress@1.1.8
132 silly currentTree +-- promise@7.1.1
132 silly currentTree +-- qs@6.4.0
132 silly currentTree +-- rai@0.1.12
132 silly currentTree +-- react-addons-create-fragment@15.4.2
132 silly currentTree +-- react-addons-pure-render-mixin@15.4.2
132 silly currentTree +-- react-addons-shallow-compare@15.4.2
132 silly currentTree +-- react-addons-transition-group@15.4.2
132 silly currentTree +-- react-bootstrap-date-picker@5.0.1
132 silly currentTree +-- react-bootstrap@0.30.8
132 silly currentTree +-- react-dom@15.4.2
132 silly currentTree +-- react-event-listener@0.4.3
132 silly currentTree +-- react-overlays@0.6.12
132 silly currentTree +-- react-prop-types@0.4.0
132 silly currentTree +-- react-tap-event-plugin@2.0.1
132 silly currentTree +-- react@15.4.2
132 silly currentTree +-- readable-stream@2.2.6
132 silly currentTree +-- readline2@1.0.1
132 silly currentTree +-- rechoir@0.6.2
132 silly currentTree +-- recompose@0.22.0
132 silly currentTree +-- regenerator-runtime@0.10.3
132 silly currentTree +-- repeating@2.0.1
132 silly currentTree +-- request@2.12.0
132 silly currentTree | +-- form-data@0.0.3
132 silly currentTree | | +-- async@0.1.9
132 silly currentTree | | `-- combined-stream@0.0.3
132 silly currentTree | |   `-- delayed-stream@0.0.5
132 silly currentTree | `-- mime@1.2.7
132 silly currentTree +-- require-uncached@1.0.3
132 silly currentTree +-- resolve-from@1.0.1
132 silly currentTree +-- resolve@1.3.2
132 silly currentTree +-- restore-cursor@1.0.1
132 silly currentTree +-- rimraf@2.6.1
132 silly currentTree +-- run-async@0.1.0
132 silly currentTree +-- rx-lite@3.1.2
132 silly currentTree +-- semver@1.1.0
132 silly currentTree +-- setimmediate@1.0.5
132 silly currentTree +-- shelljs@0.7.7
132 silly currentTree +-- simple-assign@0.1.0
132 silly currentTree +-- simplesmtp@0.1.25
132 silly currentTree +-- slash@1.0.0
132 silly currentTree +-- slice-ansi@0.0.4
132 silly currentTree +-- sockjs@0.3.4
132 silly currentTree +-- source-map-support@0.4.14
132 silly currentTree +-- source-map@0.5.6
132 silly currentTree +-- sprintf-js@1.0.3
132 silly currentTree +-- stream-buffers@0.2.3
132 silly currentTree +-- string_decoder@0.10.31
132 silly currentTree +-- string-width@1.0.2
132 silly currentTree +-- strip-ansi@3.0.1
132 silly currentTree +-- strip-bom@3.0.0
132 silly currentTree +-- strip-json-comments@2.0.1
132 silly currentTree +-- stylus@0.30.1
132 silly currentTree | `-- mkdirp@0.3.5
132 silly currentTree +-- supports-color@2.0.0
132 silly currentTree +-- symbol-observable@1.0.4
132 silly currentTree +-- table@3.8.3
132 silly currentTree | +-- is-fullwidth-code-point@2.0.0
132 silly currentTree | `-- string-width@2.0.0
132 silly currentTree +-- text-table@0.2.0
132 silly currentTree +-- through@2.3.8
132 silly currentTree +-- to-fast-properties@1.0.2
132 silly currentTree +-- trim-right@1.0.1
132 silly currentTree +-- tryit@1.0.3
132 silly currentTree +-- type-check@0.3.2
132 silly currentTree +-- typedarray@0.0.6
132 silly currentTree +-- ua-parser-js@0.7.12
132 silly currentTree +-- uglify-js@1.3.4
132 silly currentTree +-- uncontrollable@4.0.3
132 silly currentTree +-- user-home@2.0.0
132 silly currentTree +-- useragent@1.1.0
132 silly currentTree | +-- request@2.9.202
132 silly currentTree | `-- semver@1.0.14
132 silly currentTree +-- util-deprecate@1.0.2
132 silly currentTree +-- warning@3.0.0
132 silly currentTree +-- whatwg-fetch@2.0.3
132 silly currentTree +-- wordwrap@1.0.0
132 silly currentTree +-- wrappy@1.0.2
132 silly currentTree +-- write@0.2.1
132 silly currentTree +-- xoauth2@1.2.0
132 silly currentTree +-- xtend@4.0.1
132 silly currentTree `-- yamlparser@0.0.2
133 silly idealTree kipcount@
133 silly idealTree +-- acorn-jsx@3.0.1
133 silly idealTree | `-- acorn@3.3.0
133 silly idealTree +-- acorn@4.0.4
133 silly idealTree +-- ajv-keywords@1.5.1
133 silly idealTree +-- ajv@4.11.5
133 silly idealTree +-- ansi-escapes@1.4.0
133 silly idealTree +-- ansi-regex@2.1.1
133 silly idealTree +-- ansi-styles@2.2.1
133 silly idealTree +-- argparse@1.0.9
133 silly idealTree +-- aria-query@0.3.0
133 silly idealTree +-- array-union@1.0.2
133 silly idealTree +-- array-uniq@1.0.3
133 silly idealTree +-- array.prototype.find@2.0.4
133 silly idealTree +-- arrify@1.0.1
133 silly idealTree +-- asap@2.0.5
133 silly idealTree +-- ast-types-flow@0.0.7
133 silly idealTree +-- babel-code-frame@6.22.0
133 silly idealTree +-- babel-core@6.24.0
133 silly idealTree | +-- babel-register@6.24.0
133 silly idealTree | `-- home-or-tmp@2.0.0
133 silly idealTree +-- babel-eslint@7.2.1
133 silly idealTree +-- babel-generator@6.24.0
133 silly idealTree +-- babel-helpers@6.23.0
133 silly idealTree +-- babel-messages@6.23.0
133 silly idealTree +-- babel-register@6.16.3
133 silly idealTree | `-- path-exists@1.0.0
133 silly idealTree +-- babel-runtime@6.23.0
133 silly idealTree +-- babel-template@6.23.0
133 silly idealTree +-- babel-traverse@6.23.1
133 silly idealTree +-- babel-types@6.23.0
133 silly idealTree +-- babylon@6.16.1
133 silly idealTree +-- balanced-match@0.4.2
133 silly idealTree +-- bowser@1.6.0
133 silly idealTree +-- brace-expansion@1.1.6
133 silly idealTree +-- bson@0.1.5
133 silly idealTree +-- buffer-shims@1.0.0
133 silly idealTree +-- builtin-modules@1.1.1
133 silly idealTree +-- caller-path@0.1.0
133 silly idealTree +-- callsites@0.2.0
133 silly idealTree +-- chalk@1.1.3
133 silly idealTree +-- change-emitter@0.1.3
133 silly idealTree +-- circular-json@0.3.1
133 silly idealTree +-- classnames@2.2.5
133 silly idealTree +-- clean-css@0.8.2
133 silly idealTree +-- cli-cursor@1.0.2
133 silly idealTree +-- cli-width@2.1.0
133 silly idealTree +-- co@4.6.0
133 silly idealTree +-- code-point-at@1.1.0
133 silly idealTree +-- coffee-script@1.4.0
133 silly idealTree +-- colors@0.6.2
133 silly idealTree +-- concat-map@0.0.1
133 silly idealTree +-- concat-stream@1.6.0
133 silly idealTree +-- connect@1.9.2
133 silly idealTree +-- contains-path@0.1.0
133 silly idealTree +-- convert-source-map@1.5.0
133 silly idealTree +-- core-js@2.4.1
133 silly idealTree +-- core-util-is@1.0.2
133 silly idealTree +-- cssom@0.2.5
133 silly idealTree +-- d@1.0.0
133 silly idealTree +-- damerau-levenshtein@1.0.4
133 silly idealTree +-- debug@2.6.3
133 silly idealTree +-- deep-is@0.1.3
133 silly idealTree +-- define-properties@1.1.2
133 silly idealTree +-- del@2.2.2
133 silly idealTree +-- detect-indent@4.0.0
133 silly idealTree +-- doctrine@2.0.0
133 silly idealTree +-- dom-helpers@3.2.1
133 silly idealTree +-- emoji-regex@6.4.1
133 silly idealTree +-- encoding@0.1.12
133 silly idealTree +-- es-abstract@1.7.0
133 silly idealTree +-- es-to-primitive@1.1.1
133 silly idealTree +-- es5-ext@0.10.15
133 silly idealTree +-- es6-iterator@2.0.1
133 silly idealTree +-- es6-map@0.1.5
133 silly idealTree +-- es6-set@0.1.5
133 silly idealTree +-- es6-symbol@3.1.1
133 silly idealTree +-- es6-weak-map@2.0.2
133 silly idealTree +-- escape-string-regexp@1.0.5
133 silly idealTree +-- escope@3.6.0
133 silly idealTree +-- eslint-config-airbnb-base@11.1.2
133 silly idealTree +-- eslint-config-airbnb@14.1.0
133 silly idealTree +-- eslint-import-resolver-meteor@0.3.4
133 silly idealTree +-- eslint-import-resolver-node@0.2.3
133 silly idealTree +-- eslint-module-utils@2.0.0
133 silly idealTree | +-- debug@2.2.0
133 silly idealTree | `-- ms@0.7.1
133 silly idealTree +-- eslint-plugin-import@2.2.0
133 silly idealTree | `-- doctrine@1.5.0
133 silly idealTree +-- eslint-plugin-jsx-a11y@4.0.0
133 silly idealTree +-- eslint-plugin-meteor@4.0.1
133 silly idealTree | +-- babel-runtime@6.11.6
133 silly idealTree | +-- invariant@2.2.1
133 silly idealTree | +-- path-exists@3.0.0
133 silly idealTree | `-- regenerator-runtime@0.9.6
133 silly idealTree +-- eslint-plugin-react@6.10.3
133 silly idealTree | `-- doctrine@1.5.0
133 silly idealTree +-- eslint@3.18.0
133 silly idealTree +-- espree@3.4.0
133 silly idealTree +-- esprima@3.1.3
133 silly idealTree +-- esquery@1.0.0
133 silly idealTree +-- esrecurse@4.1.0
133 silly idealTree | `-- estraverse@4.1.1
133 silly idealTree +-- estraverse@4.2.0
133 silly idealTree +-- esutils@2.0.2
133 silly idealTree +-- event-emitter@0.3.5
133 silly idealTree +-- exit-hook@1.1.1
133 silly idealTree +-- fast-levenshtein@2.0.6
133 silly idealTree +-- faye-websocket@0.4.0
133 silly idealTree +-- fbjs@0.8.11
133 silly idealTree | `-- core-js@1.2.7
133 silly idealTree +-- fibers@0.6.9
133 silly idealTree +-- figures@1.7.0
133 silly idealTree +-- file-entry-cache@2.0.0
133 silly idealTree +-- find-up@1.1.2
133 silly idealTree +-- flat-cache@1.2.2
133 silly idealTree +-- foreach@2.0.5
133 silly idealTree +-- formidable@1.0.17
133 silly idealTree +-- fs.realpath@1.0.0
133 silly idealTree +-- function-bind@1.1.0
133 silly idealTree +-- generate-function@2.0.0
133 silly idealTree +-- generate-object-property@1.2.0
133 silly idealTree +-- glob@7.1.1
133 silly idealTree +-- globals@9.17.0
133 silly idealTree +-- globby@5.0.0
133 silly idealTree +-- graceful-fs@4.1.11
133 silly idealTree +-- gzippo@0.1.7
133 silly idealTree +-- handlebars@1.0.7
133 silly idealTree | `-- uglify-js@1.2.6
133 silly idealTree +-- has-ansi@2.0.0
133 silly idealTree +-- has@1.0.1
133 silly idealTree +-- hoist-non-react-statics@1.2.0
133 silly idealTree +-- home-or-tmp@1.0.0
133 silly idealTree | `-- user-home@1.1.1
133 silly idealTree +-- http-proxy@0.8.5
133 silly idealTree +-- hyphenate-style-name@1.0.2
133 silly idealTree +-- iconv-lite@0.4.15
133 silly idealTree +-- ignore@3.2.6
133 silly idealTree +-- imurmurhash@0.1.4
133 silly idealTree +-- inflight@1.0.6
133 silly idealTree +-- inherits@2.0.3
133 silly idealTree +-- inline-style-prefixer@2.0.5
133 silly idealTree +-- inquirer@0.12.0
133 silly idealTree +-- interpret@1.0.2
133 silly idealTree +-- invariant@2.2.2
133 silly idealTree +-- is-callable@1.1.3
133 silly idealTree +-- is-date-object@1.0.1
133 silly idealTree +-- is-finite@1.0.2
133 silly idealTree +-- is-fullwidth-code-point@1.0.0
133 silly idealTree +-- is-my-json-valid@2.16.0
133 silly idealTree +-- is-path-cwd@1.0.0
133 silly idealTree +-- is-path-in-cwd@1.0.0
133 silly idealTree +-- is-path-inside@1.0.0
133 silly idealTree +-- is-property@1.0.2
133 silly idealTree +-- is-regex@1.0.4
133 silly idealTree +-- is-resolvable@1.0.0
133 silly idealTree +-- is-stream@1.1.0
133 silly idealTree +-- is-symbol@1.0.1
133 silly idealTree +-- isarray@1.0.0
133 silly idealTree +-- isomorphic-fetch@2.2.1
133 silly idealTree +-- js-tokens@3.0.1
133 silly idealTree +-- js-yaml@3.8.2
133 silly idealTree +-- jsesc@1.3.0
133 silly idealTree +-- json-stable-stringify@1.0.1
133 silly idealTree +-- json5@0.5.1
133 silly idealTree +-- jsonify@0.0.0
133 silly idealTree +-- jsonpointer@4.0.1
133 silly idealTree +-- jsx-ast-utils@1.4.0
133 silly idealTree +-- keycode@2.1.8
133 silly idealTree +-- keypress@0.1.0
133 silly idealTree +-- less@1.3.1
133 silly idealTree +-- levn@0.3.0
133 silly idealTree +-- lodash.cond@4.5.2
133 silly idealTree +-- lodash.find@4.6.0
133 silly idealTree +-- lodash.memoize@4.1.2
133 silly idealTree +-- lodash.merge@4.6.0
133 silly idealTree +-- lodash.throttle@4.1.1
133 silly idealTree +-- lodash@4.17.4
133 silly idealTree +-- loose-envify@1.3.1
133 silly idealTree +-- mailcomposer@0.1.15
133 silly idealTree +-- material-ui@0.17.1
133 silly idealTree +-- meteor-node-stubs@0.2.6
133 silly idealTree | +-- asn1.js@4.9.0
133 silly idealTree | +-- assert@1.4.1
133 silly idealTree | +-- base64-js@1.2.0
133 silly idealTree | +-- Base64@0.2.1
133 silly idealTree | +-- bn.js@4.11.6
133 silly idealTree | +-- brorand@1.0.6
133 silly idealTree | +-- browserify-aes@1.0.6
133 silly idealTree | +-- browserify-cipher@1.0.0
133 silly idealTree | +-- browserify-des@1.0.0
133 silly idealTree | +-- browserify-rsa@4.0.1
133 silly idealTree | +-- browserify-sign@4.0.0
133 silly idealTree | +-- browserify-zlib@0.1.4
133 silly idealTree | +-- buffer-shims@1.0.0
133 silly idealTree | +-- buffer-xor@1.0.3
133 silly idealTree | +-- buffer@4.9.1
133 silly idealTree | +-- cipher-base@1.0.3
133 silly idealTree | +-- console-browserify@1.1.0
133 silly idealTree | +-- constants-browserify@1.0.0
133 silly idealTree | +-- core-util-is@1.0.2
133 silly idealTree | +-- create-ecdh@4.0.0
133 silly idealTree | +-- create-hash@1.1.2
133 silly idealTree | +-- create-hmac@1.1.4
133 silly idealTree | +-- crypto-browserify@3.11.0
133 silly idealTree | +-- date-now@0.1.4
133 silly idealTree | +-- des.js@1.0.0
133 silly idealTree | +-- diffie-hellman@5.0.2
133 silly idealTree | +-- domain-browser@1.1.7
133 silly idealTree | +-- elliptic@6.3.2
133 silly idealTree | +-- events@1.1.1
133 silly idealTree | +-- evp_bytestokey@1.0.0
133 silly idealTree | +-- hash.js@1.0.3
133 silly idealTree | +-- http-browserify@1.7.0
133 silly idealTree | +-- https-browserify@0.0.1
133 silly idealTree | +-- ieee754@1.1.8
133 silly idealTree | +-- indexof@0.0.1
133 silly idealTree | +-- inherits@2.0.1
133 silly idealTree | +-- isarray@1.0.0
133 silly idealTree | +-- miller-rabin@4.0.0
133 silly idealTree | +-- minimalistic-assert@1.0.0
133 silly idealTree | +-- os-browserify@0.2.1
133 silly idealTree | +-- pako@0.2.9
133 silly idealTree | +-- parse-asn1@5.0.0
133 silly idealTree | +-- path-browserify@0.0.0
133 silly idealTree | +-- pbkdf2@3.0.9
133 silly idealTree | +-- process-nextick-args@1.0.7
133 silly idealTree | +-- process@0.11.9
133 silly idealTree | +-- public-encrypt@4.0.0
133 silly idealTree | +-- punycode@1.4.1
133 silly idealTree | +-- querystring-es3@0.2.1
133 silly idealTree | +-- querystring@0.2.0
133 silly idealTree | +-- randombytes@2.0.3
133 silly idealTree | +-- readable-stream@2.2.1
133 silly idealTree | +-- ripemd160@1.0.1
133 silly idealTree | +-- sha.js@2.4.8
133 silly idealTree | +-- stream-browserify@2.0.1
133 silly idealTree | +-- string_decoder@0.10.31
133 silly idealTree | +-- timers-browserify@1.4.2
133 silly idealTree | +-- tty-browserify@0.0.0
133 silly idealTree | +-- url@0.11.0
133 silly idealTree | | `-- punycode@1.3.2
133 silly idealTree | +-- util-deprecate@1.0.2
133 silly idealTree | +-- util@0.10.3
133 silly idealTree | `-- vm-browserify@0.0.4
133 silly idealTree +-- meteor@0.5.2-1
133 silly idealTree | `-- progress@0.0.5
133 silly idealTree +-- mime@1.2.7
133 silly idealTree +-- mimelib-noiconv@0.1.9
133 silly idealTree +-- minimatch@3.0.3
133 silly idealTree +-- minimist@0.0.8
133 silly idealTree +-- mkdirp@0.5.1
133 silly idealTree +-- mongodb@1.1.11
133 silly idealTree +-- ms@0.7.2
133 silly idealTree +-- mute-stream@0.0.5
133 silly idealTree +-- natural-compare@1.4.0
133 silly idealTree +-- nib@0.8.2
133 silly idealTree +-- node-fetch@1.6.3
133 silly idealTree +-- node-uuid@1.3.3
133 silly idealTree +-- number-is-nan@1.0.1
133 silly idealTree +-- object-assign@4.1.1
133 silly idealTree +-- object-keys@1.0.11
133 silly idealTree +-- object.assign@4.0.4
133 silly idealTree +-- once@1.4.0
133 silly idealTree +-- onetime@1.1.0
133 silly idealTree +-- optimist@0.3.5
133 silly idealTree | `-- wordwrap@0.0.3
133 silly idealTree +-- optionator@0.8.2
133 silly idealTree +-- os-homedir@1.0.2
133 silly idealTree +-- os-tmpdir@1.0.2
133 silly idealTree +-- path-exists@2.1.0
133 silly idealTree +-- path-is-absolute@1.0.1
133 silly idealTree +-- path-is-inside@1.0.2
133 silly idealTree +-- path-parse@1.0.5
133 silly idealTree +-- pify@2.3.0
133 silly idealTree +-- pinkie-promise@2.0.1
133 silly idealTree +-- pinkie@2.0.4
133 silly idealTree +-- pkg-dir@1.0.0
133 silly idealTree +-- pkg-up@1.0.0
133 silly idealTree +-- pkginfo@0.2.3
133 silly idealTree +-- pluralize@1.2.1
133 silly idealTree +-- prelude-ls@1.1.2
133 silly idealTree +-- private@0.1.7
133 silly idealTree +-- process-nextick-args@1.0.7
133 silly idealTree +-- progress@1.1.8
133 silly idealTree +-- promise@7.1.1
133 silly idealTree +-- qs@6.4.0
133 silly idealTree +-- rai@0.1.12
133 silly idealTree +-- react-addons-create-fragment@15.4.2
133 silly idealTree +-- react-addons-pure-render-mixin@15.4.2
133 silly idealTree +-- react-addons-shallow-compare@15.4.2
133 silly idealTree +-- react-addons-transition-group@15.4.2
133 silly idealTree +-- react-bootstrap-date-picker@5.0.1
133 silly idealTree +-- react-bootstrap@0.30.8
133 silly idealTree +-- react-dom@15.4.2
133 silly idealTree +-- react-event-listener@0.4.3
133 silly idealTree +-- react-overlays@0.6.12
133 silly idealTree +-- react-prop-types@0.4.0
133 silly idealTree +-- react-tap-event-plugin@2.0.1
133 silly idealTree +-- react@15.4.2
133 silly idealTree +-- readable-stream@2.2.6
133 silly idealTree +-- readline2@1.0.1
133 silly idealTree +-- rechoir@0.6.2
133 silly idealTree +-- recompose@0.22.0
133 silly idealTree +-- regenerator-runtime@0.10.3
133 silly idealTree +-- repeating@2.0.1
133 silly idealTree +-- request@2.12.0
133 silly idealTree | +-- form-data@0.0.3
133 silly idealTree | | +-- async@0.1.9
133 silly idealTree | | `-- combined-stream@0.0.3
133 silly idealTree | |   `-- delayed-stream@0.0.5
133 silly idealTree | `-- mime@1.2.7
133 silly idealTree +-- require-uncached@1.0.3
133 silly idealTree +-- resolve-from@1.0.1
133 silly idealTree +-- resolve@1.3.2
133 silly idealTree +-- restore-cursor@1.0.1
133 silly idealTree +-- rimraf@2.6.1
133 silly idealTree +-- run-async@0.1.0
133 silly idealTree +-- rx-lite@3.1.2
133 silly idealTree +-- semver@1.1.0
133 silly idealTree +-- setimmediate@1.0.5
133 silly idealTree +-- shelljs@0.7.7
133 silly idealTree +-- simple-assign@0.1.0
133 silly idealTree +-- simplesmtp@0.1.25
133 silly idealTree +-- slash@1.0.0
133 silly idealTree +-- slice-ansi@0.0.4
133 silly idealTree +-- sockjs@0.3.4
133 silly idealTree +-- source-map-support@0.4.14
133 silly idealTree +-- source-map@0.5.6
133 silly idealTree +-- sprintf-js@1.0.3
133 silly idealTree +-- stream-buffers@0.2.3
133 silly idealTree +-- string_decoder@0.10.31
133 silly idealTree +-- string-width@1.0.2
133 silly idealTree +-- strip-ansi@3.0.1
133 silly idealTree +-- strip-bom@3.0.0
133 silly idealTree +-- strip-json-comments@2.0.1
133 silly idealTree +-- stylus@0.30.1
133 silly idealTree | `-- mkdirp@0.3.5
133 silly idealTree +-- supports-color@2.0.0
133 silly idealTree +-- symbol-observable@1.0.4
133 silly idealTree +-- table@3.8.3
133 silly idealTree | +-- is-fullwidth-code-point@2.0.0
133 silly idealTree | `-- string-width@2.0.0
133 silly idealTree +-- text-table@0.2.0
133 silly idealTree +-- through@2.3.8
133 silly idealTree +-- to-fast-properties@1.0.2
133 silly idealTree +-- trim-right@1.0.1
133 silly idealTree +-- tryit@1.0.3
133 silly idealTree +-- type-check@0.3.2
133 silly idealTree +-- typedarray@0.0.6
133 silly idealTree +-- ua-parser-js@0.7.12
133 silly idealTree +-- uglify-js@1.3.4
133 silly idealTree +-- uncontrollable@4.0.3
133 silly idealTree +-- user-home@2.0.0
133 silly idealTree +-- useragent@1.1.0
133 silly idealTree | +-- request@2.9.202
133 silly idealTree | `-- semver@1.0.14
133 silly idealTree +-- util-deprecate@1.0.2
133 silly idealTree +-- warning@3.0.0
133 silly idealTree +-- whatwg-fetch@2.0.3
133 silly idealTree +-- wordwrap@1.0.0
133 silly idealTree +-- wrappy@1.0.2
133 silly idealTree +-- write@0.2.1
133 silly idealTree +-- xoauth2@1.2.0
133 silly idealTree +-- xtend@4.0.1
133 silly idealTree `-- yamlparser@0.0.2
134 silly generateActionsToTake Starting
135 silly install generateActionsToTake
136 silly generateActionsToTake Finishing
137 silly diffTrees action count 3
138 silly diffTrees add fibers@0.6.9
139 silly diffTrees add progress@0.0.5
140 silly diffTrees add meteor@0.5.2-1
141 silly decomposeActions action count 24
142 silly decomposeActions fetch fibers@0.6.9
143 silly decomposeActions extract fibers@0.6.9
144 silly decomposeActions test fibers@0.6.9
145 silly decomposeActions preinstall fibers@0.6.9
146 silly decomposeActions build fibers@0.6.9
147 silly decomposeActions install fibers@0.6.9
148 silly decomposeActions postinstall fibers@0.6.9
149 silly decomposeActions finalize fibers@0.6.9
150 silly decomposeActions fetch progress@0.0.5
151 silly decomposeActions extract progress@0.0.5
152 silly decomposeActions test progress@0.0.5
153 silly decomposeActions preinstall progress@0.0.5
154 silly decomposeActions build progress@0.0.5
155 silly decomposeActions install progress@0.0.5
156 silly decomposeActions postinstall progress@0.0.5
157 silly decomposeActions finalize progress@0.0.5
158 silly decomposeActions fetch meteor@0.5.2-1
159 silly decomposeActions extract meteor@0.5.2-1
160 silly decomposeActions test meteor@0.5.2-1
161 silly decomposeActions preinstall meteor@0.5.2-1
162 silly decomposeActions build meteor@0.5.2-1
163 silly decomposeActions install meteor@0.5.2-1
164 silly decomposeActions postinstall meteor@0.5.2-1
165 silly decomposeActions finalize meteor@0.5.2-1
166 silly runTopLevelLifecycles Starting
167 silly executeActions Starting
168 silly install executeActions
169 silly doSerial global-install 0
170 silly doParallel fetch 3
171 verbose correctMkdir C:\Users\asus\AppData\Roaming\npm-cache\_locks correctMkdir not in flight; initializing
172 verbose lock using C:\Users\asus\AppData\Roaming\npm-cache\_locks\staging-e21bbf9865f44873.lock for C:\Temp\Web\Meteor\kipcount\node_modules\.staging
173 silly doParallel extract 3
174 silly extract fibers@0.6.9
175 silly extract progress@0.0.5
176 silly extract meteor@0.5.2-1
177 verbose unbuild node_modules\.staging\fibers-70d21bc4
178 verbose unbuild node_modules\.staging\progress-d6f14a38
179 verbose unbuild node_modules\.staging\meteor-05da82da
180 silly gentlyRm C:\Temp\Web\Meteor\kipcount\node_modules\.staging\fibers-70d21bc4 is being purged from base C:\Temp\Web\Meteor\kipcount
181 verbose gentlyRm don't care about contents; nuking C:\Temp\Web\Meteor\kipcount\node_modules\.staging\fibers-70d21bc4
182 silly gentlyRm C:\Temp\Web\Meteor\kipcount\node_modules\.staging\progress-d6f14a38 is being purged from base C:\Temp\Web\Meteor\kipcount
183 verbose gentlyRm don't care about contents; nuking C:\Temp\Web\Meteor\kipcount\node_modules\.staging\progress-d6f14a38
184 verbose tar unpack C:\Users\asus\AppData\Roaming\npm-cache\fibers\0.6.9\package.tgz
185 verbose tar unpacking to C:\Temp\Web\Meteor\kipcount\node_modules\.staging\fibers-70d21bc4
186 silly gentlyRm C:\Temp\Web\Meteor\kipcount\node_modules\.staging\fibers-70d21bc4 is being purged
187 verbose gentlyRm don't care about contents; nuking C:\Temp\Web\Meteor\kipcount\node_modules\.staging\fibers-70d21bc4
188 verbose tar unpack C:\Users\asus\AppData\Roaming\npm-cache\progress\0.0.5\package.tgz
189 verbose tar unpacking to C:\Temp\Web\Meteor\kipcount\node_modules\.staging\progress-d6f14a38
190 silly gentlyRm C:\Temp\Web\Meteor\kipcount\node_modules\.staging\progress-d6f14a38 is being purged
191 verbose gentlyRm don't care about contents; nuking C:\Temp\Web\Meteor\kipcount\node_modules\.staging\progress-d6f14a38
192 silly gentlyRm C:\Temp\Web\Meteor\kipcount\node_modules\.staging\meteor-05da82da is being purged from base C:\Temp\Web\Meteor\kipcount
193 verbose gentlyRm don't care about contents; nuking C:\Temp\Web\Meteor\kipcount\node_modules\.staging\meteor-05da82da
194 silly gunzTarPerm modes [ '777', '666' ]
195 silly gunzTarPerm modes [ '777', '666' ]
196 verbose tar unpack C:\Users\asus\AppData\Roaming\npm-cache\meteor\0.5.2-1\package.tgz
197 verbose tar unpacking to C:\Temp\Web\Meteor\kipcount\node_modules\.staging\meteor-05da82da
198 silly gentlyRm C:\Temp\Web\Meteor\kipcount\node_modules\.staging\meteor-05da82da is being purged
199 verbose gentlyRm don't care about contents; nuking C:\Temp\Web\Meteor\kipcount\node_modules\.staging\meteor-05da82da
200 silly gunzTarPerm modes [ '777', '666' ]
201 silly gunzTarPerm extractEntry package.json
202 silly gunzTarPerm extractEntry package.json
203 silly gunzTarPerm modified mode [ 'package.json', 420, 438 ]
204 silly gunzTarPerm extractEntry package.json
205 silly gunzTarPerm extractEntry .npmignore
206 silly gunzTarPerm extractEntry README.md
207 silly gunzTarPerm extractEntry .npmignore
208 silly gunzTarPerm modified mode [ '.npmignore', 420, 438 ]
209 silly gunzTarPerm extractEntry index.js
210 silly gunzTarPerm modified mode [ 'index.js', 420, 438 ]
211 silly gunzTarPerm extractEntry .npmignore
212 silly gunzTarPerm extractEntry README.md
213 silly gunzTarPerm extractEntry LICENSE
214 silly gunzTarPerm extractEntry History.md
215 silly gunzTarPerm modified mode [ 'History.md', 420, 438 ]
216 silly gunzTarPerm extractEntry lib/node-progress.js
217 silly gunzTarPerm modified mode [ 'lib/node-progress.js', 420, 438 ]
218 silly gunzTarPerm extractEntry dev_bundle/.bundle_version.txt
219 silly gunzTarPerm extractEntry install.sh
220 silly gunzTarPerm extractEntry Makefile
221 silly gunzTarPerm modified mode [ 'Makefile', 420, 438 ]
222 silly gunzTarPerm extractEntry Readme.md
223 silly gunzTarPerm modified mode [ 'Readme.md', 420, 438 ]
224 silly gunzTarPerm extractEntry future.js
225 silly gunzTarPerm extractEntry test.js
226 silly gunzTarPerm extractEntry docs/public/favicon.ico
227 silly gunzTarPerm extractEntry docs/public/robots.txt
228 silly gunzTarPerm extractEntry docs/client/api.js
229 silly gunzTarPerm extractEntry docs/client/docs.js
230 silly gunzTarPerm extractEntry docs/client/concepts.html
231 silly gunzTarPerm extractEntry docs/client/commandline.html
232 silly gunzTarPerm extractEntry docs/client/packages.html
233 silly gunzTarPerm extractEntry docs/client/api.html
234 silly gunzTarPerm extractEntry fibers.js
235 silly gunzTarPerm extractEntry build.js
236 silly gunzTarPerm extractEntry docs/client/splash.less
237 silly gunzTarPerm extractEntry docs/client/docs.html
238 silly gunzTarPerm extractEntry test/unwind.js
239 silly gunzTarPerm extractEntry test/current.js
240 silly gunzTarPerm extractEntry docs/client/ga.html
241 silly gunzTarPerm extractEntry docs/client/docs.css
242 silly gunzTarPerm extractEntry docs/client/introduction.html
243 silly gunzTarPerm extractEntry test/stack-overflow.js
244 silly gunzTarPerm extractEntry test/finish-multiple.js
245 silly gunzTarPerm extractEntry docs/.meteor/.npmignore
246 silly gentlyRm C:\Temp\Web\Meteor\kipcount\node_modules\.staging\progress-d6f14a38\node_modules is being purged
247 verbose gentlyRm don't care about contents; nuking C:\Temp\Web\Meteor\kipcount\node_modules\.staging\progress-d6f14a38\node_modules
248 silly gunzTarPerm extractEntry meteor
249 silly gunzTarPerm extractEntry test/pool.js
250 silly gunzTarPerm extractEntry test/fibonacci.js
251 silly gunzTarPerm extractEntry test/bad-context.js
252 silly gunzTarPerm extractEntry test/future.js
253 silly gunzTarPerm extractEntry test/process-title.js
254 silly gunzTarPerm extractEntry test/illegal-yield.js
255 silly gunzTarPerm extractEntry test/started.js
256 silly gunzTarPerm extractEntry test/exec.js
257 silly gunzTarPerm extractEntry test/child-process.js
258 silly gunzTarPerm extractEntry test/already-running.js
259 silly gunzTarPerm extractEntry test/exit.js
260 silly gunzTarPerm extractEntry src/coroutine.h
261 silly gunzTarPerm extractEntry admin/increment-version.js
262 silly gunzTarPerm extractEntry admin/install-s3.sh
263 silly gunzTarPerm extractEntry src/coroutine.cc
264 silly gunzTarPerm extractEntry src/libcoro/README
265 silly gunzTarPerm extractEntry src/libcoro/LICENSE
266 silly gunzTarPerm extractEntry src/libcoro/coro.h
267 silly gunzTarPerm extractEntry src/libcoro/coro.c
268 silly gunzTarPerm extractEntry src/libcoro/conftest.c
269 silly gunzTarPerm extractEntry src/fibers.cc
270 silly gunzTarPerm extractEntry binding.gyp
271 silly gunzTarPerm extractEntry bin/.npmignore
272 silly gunzTarPerm extractEntry bin/win32-ia32-v8-3.6/fibers.node
273 silly gunzTarPerm extractEntry bin/darwin-x64-v8-3.11/fibers.node
274 silly gunzTarPerm extractEntry admin/meteor.spec
275 silly gunzTarPerm extractEntry admin/spark-standalone.sh
276 silly gunzTarPerm extractEntry admin/build-release.sh
277 silly gunzTarPerm extractEntry admin/node.sh
278 silly gunzTarPerm extractEntry bin/darwin-x64-v8-3.6/fibers.node
279 silly gunzTarPerm extractEntry bin/win32-ia32-v8-3.11/fibers.node
280 silly gunzTarPerm extractEntry bin/linux-ia32-v8-3.6/fibers.node
281 silly gunzTarPerm extractEntry admin/manifest.json
282 silly gunzTarPerm extractEntry admin/generate-dev-bundle.sh
283 silly gunzTarPerm extractEntry bin/linux-x64-v8-3.11/fibers.node
284 silly gunzTarPerm extractEntry bin/win32-x64-v8-3.11/fibers.node
285 silly gunzTarPerm extractEntry bin/linux-x64-v8-3.6/fibers.node
286 silly gunzTarPerm extractEntry admin/debian/copyright
287 silly gunzTarPerm extractEntry admin/debian/control
288 silly gunzTarPerm extractEntry admin/debian/compat
289 silly gunzTarPerm extractEntry admin/debian/docs
290 silly gunzTarPerm extractEntry admin/debian/rules
291 silly gunzTarPerm extractEntry bin/win32-x64-v8-3.6/fibers.node
292 silly gunzTarPerm extractEntry admin/debian/changelog
293 silly gunzTarPerm extractEntry admin/debian/meteor.install
294 silly gunzTarPerm extractEntry bin/darwin-ia32-v8-3.6/fibers.node
295 silly gunzTarPerm extractEntry admin/debian/source/format
296 silly gunzTarPerm extractEntry admin/debian/meteor.links
297 silly gunzTarPerm extractEntry bin/linux-ia32-v8-3.11/fibers.node
298 silly gunzTarPerm extractEntry bin/darwin-ia32-v8-3.11/fibers.node
299 silly gunzTarPerm extractEntry admin/cli-test.sh
300 silly gunzTarPerm extractEntry admin/cut-release.sh
301 silly gunzTarPerm extractEntry .arcconfig
302 silly gunzTarPerm extractEntry app/meteor/update.js
303 silly gunzTarPerm extractEntry app/meteor/run.js
304 silly gunzTarPerm extractEntry app/meteor/deploy.js
305 silly gunzTarPerm extractEntry app/meteor/post-upgrade.js
306 silly gunzTarPerm extractEntry app/meteor/meteor.js
307 silly gunzTarPerm extractEntry app/meteor/skel/~name~.js
308 silly gunzTarPerm extractEntry app/meteor/skel/~name~.html
309 silly gunzTarPerm extractEntry app/meteor/skel/~name~.css
310 silly gunzTarPerm extractEntry app/meteor/skel/.meteor/.npmignore
311 silly gunzTarPerm extractEntry app/server/server.js
312 silly gunzTarPerm extractEntry app/server/underscore.js
313 silly gunzTarPerm extractEntry app/lib/project.js
314 silly gunzTarPerm extractEntry app/lib/mongo_runner.js
315 silly gunzTarPerm extractEntry app/lib/packages.js
316 silly gunzTarPerm extractEntry app/lib/files.js
317 silly gunzTarPerm extractEntry app/lib/updater.js
318 silly gunzTarPerm extractEntry app/lib/bundler.js
319 silly gunzTarPerm extractEntry app/lib/app.html.in
320 silly gunzTarPerm extractEntry app/lib/unsupported.html
321 silly gunzTarPerm extractEntry app/lib/third/underscore.js
322 silly gunzTarPerm extractEntry History.md
323 silly gunzTarPerm extractEntry LICENSE.txt
324 silly gentlyRm C:\Temp\Web\Meteor\kipcount\node_modules\.staging\fibers-70d21bc4\node_modules is being purged
325 verbose gentlyRm don't care about contents; nuking C:\Temp\Web\Meteor\kipcount\node_modules\.staging\fibers-70d21bc4\node_modules
326 silly gentlyRm C:\Temp\Web\Meteor\kipcount\node_modules\.staging\meteor-05da82da\node_modules is being purged
327 verbose gentlyRm don't care about contents; nuking C:\Temp\Web\Meteor\kipcount\node_modules\.staging\meteor-05da82da\node_modules
328 silly doParallel preinstall 3
329 silly preinstall fibers@0.6.9 C:\Temp\Web\Meteor\kipcount\node_modules\.staging\fibers-70d21bc4
330 info lifecycle fibers@0.6.9~preinstall: fibers@0.6.9
331 silly preinstall progress@0.0.5 C:\Temp\Web\Meteor\kipcount\node_modules\.staging\progress-d6f14a38
332 info lifecycle progress@0.0.5~preinstall: progress@0.0.5
333 silly preinstall meteor@0.5.2-1 C:\Temp\Web\Meteor\kipcount\node_modules\.staging\meteor-05da82da
334 info lifecycle meteor@0.5.2-1~preinstall: meteor@0.5.2-1
335 silly lifecycle fibers@0.6.9~preinstall: no script for preinstall, continuing
336 silly lifecycle progress@0.0.5~preinstall: no script for preinstall, continuing
337 silly lifecycle meteor@0.5.2-1~preinstall: no script for preinstall, continuing
338 silly doReverseSerial remove 0
339 silly doSerial move 0
340 silly doSerial finalize 3
341 silly finalize C:\Temp\Web\Meteor\kipcount\node_modules\fibers
342 silly finalize C:\Temp\Web\Meteor\kipcount\node_modules\meteor\node_modules\progress
343 silly finalize C:\Temp\Web\Meteor\kipcount\node_modules\meteor
344 silly doSerial build 3
345 silly build fibers@0.6.9
346 info linkStuff fibers@0.6.9
347 silly linkStuff fibers@0.6.9 has C:\Temp\Web\Meteor\kipcount\node_modules as its parent node_modules
348 verbose linkBins fibers@0.6.9
349 verbose linkMans fibers@0.6.9
350 silly build progress@0.0.5
351 info linkStuff progress@0.0.5
352 silly linkStuff progress@0.0.5 has C:\Temp\Web\Meteor\kipcount\node_modules\meteor\node_modules as its parent node_modules
353 verbose linkBins progress@0.0.5
354 verbose linkMans progress@0.0.5
355 silly build meteor@0.5.2-1
356 info linkStuff meteor@0.5.2-1
357 silly linkStuff meteor@0.5.2-1 has C:\Temp\Web\Meteor\kipcount\node_modules as its parent node_modules
358 verbose linkBins meteor@0.5.2-1
359 verbose link bins [ { meteor: 'app/meteor/meteor.js' },
359 verbose link bins   'C:\\Temp\\Web\\Meteor\\kipcount\\node_modules\\.bin',
359 verbose link bins   false ]
360 verbose linkMans meteor@0.5.2-1
361 silly doSerial global-link 0
362 silly doParallel update-linked 0
363 silly doSerial install 3
364 silly install fibers@0.6.9 C:\Temp\Web\Meteor\kipcount\node_modules\.staging\fibers-70d21bc4
365 info lifecycle fibers@0.6.9~install: fibers@0.6.9
366 verbose lifecycle fibers@0.6.9~install: unsafe-perm in lifecycle true
367 verbose lifecycle fibers@0.6.9~install: PATH: C:\Program Files\Programas Universidad\NodeJs\node_modules\npm\bin\node-gyp-bin;C:\Temp\Web\Meteor\kipcount\node_modules\fibers\node_modules\.bin;C:\Temp\Web\Meteor\kipcount\node_modules\.bin;C:\Program Files (x86)\NVIDIA Corporation\PhysX\Common;C:\Program Files (x86)\Common Files\Intel\Shared Files\cpp\bin\Intel64;C:\ProgramData\Oracle\Java\javapath;C:\Program Files\Java\jdk1.8.0_101\bin;C:\Program Files\Java\jre1.8.0_101\bin;C:\PlayFramework\bin;C:\WINDOWS\system32;C:\Program Files (x86)\Java\jdk1.7.0_65\bin\;C:\Program Files (x86)\Cupi2\ant\bin\;C:\Program Files (x86)\ATI Technologies\ATI.ACE\Core-Static;C:\Windows;C:\Windows\System32\Wbem;C:\Windows\System32\WindowsPoerShell\v1.0\;C:\Program Files (x86)\GtkSharp\2.12\bin;C:\Program Files (x86)\Skype\Phone\;C:\Program Files (x86)\Python2.7.13;C:\Program Files\Git\cmd;C:\Program Files\Programas Universidad\Mongo DB\bin;C:\Program Files\Programas Universidad\NodeJs\;C:\Users\asus\AppData\Roaming\npm;C:\Program Files\Programas Universidad\Heroku\bin;C:\Users\asus\AppData\Local\.meteor\
368 verbose lifecycle fibers@0.6.9~install: CWD: C:\Temp\Web\Meteor\kipcount\node_modules\fibers
369 silly lifecycle fibers@0.6.9~install: Args: [ '/d /s /c', 'node ./build.js' ]
370 silly lifecycle fibers@0.6.9~install: Returned: code: 1  signal: null
371 info lifecycle fibers@0.6.9~install: Failed to exec install script
372 verbose unlock done using C:\Users\asus\AppData\Roaming\npm-cache\_locks\staging-e21bbf9865f44873.lock for C:\Temp\Web\Meteor\kipcount\node_modules\.staging
373 silly rollbackFailedOptional Starting
374 silly rollbackFailedOptional Finishing
375 silly runTopLevelLifecycles Finishing
376 silly install printInstalled
377 verbose stack Error: fibers@0.6.9 install: `node ./build.js`
377 verbose stack Exit status 1
377 verbose stack     at EventEmitter.<anonymous> (C:\Program Files\Programas Universidad\NodeJs\node_modules\npm\lib\utils\lifecycle.js:255:16)
377 verbose stack     at emitTwo (events.js:106:13)
377 verbose stack     at EventEmitter.emit (events.js:191:7)
377 verbose stack     at ChildProcess.<anonymous> (C:\Program Files\Programas Universidad\NodeJs\node_modules\npm\lib\utils\spawn.js:40:14)
377 verbose stack     at emitTwo (events.js:106:13)
377 verbose stack     at ChildProcess.emit (events.js:191:7)
377 verbose stack     at maybeClose (internal/child_process.js:877:16)
377 verbose stack     at Process.ChildProcess._handle.onexit (internal/child_process.js:226:5)
378 verbose pkgid fibers@0.6.9
379 verbose cwd C:\Temp\Web\Meteor\kipcount
380 error Windows_NT 10.0.10586
381 error argv "C:\\Program Files\\Programas Universidad\\NodeJs\\node.exe" "C:\\Program Files\\Programas Universidad\\NodeJs\\node_modules\\npm\\bin\\npm-cli.js" "install" "meteor" "--save"
382 error node v6.10.0
383 error npm  v3.10.10
384 error code ELIFECYCLE
385 error fibers@0.6.9 install: `node ./build.js`
385 error Exit status 1
386 error Failed at the fibers@0.6.9 install script 'node ./build.js'.
386 error Make sure you have the latest version of node.js and npm installed.
386 error If you do, this is most likely a problem with the fibers package,
386 error not with npm itself.
386 error Tell the author that this fails on your system:
386 error     node ./build.js
386 error You can get information on how to open an issue for this project with:
386 error     npm bugs fibers
386 error Or if that isn't available, you can get their info via:
386 error     npm owner ls fibers
386 error There is likely additional logging output above.
387 verbose exit [ 1, true ]
